Start testing: Apr 18 20:13 CST
----------------------------------------------------------
1/3 Testing: thread_pool_test
1/3 Test: thread_pool_test
Command: "/home/shenming77/桌面/Y_ThreadPool/build/thread_gtest"
Directory: /home/shenming77/桌面/Y_ThreadPool/build
"thread_pool_test" start time: Apr 18 20:13 CST
Output:
----------------------------------------------------------
[==========] Running 4 tests from 1 test suite.
[----------] Global test environment set-up.
[----------] 4 tests from ThreadPoolTest
[ RUN      ] ThreadPoolTest.ThreadPool_test_time1
[       OK ] ThreadPoolTest.ThreadPool_test_time1 (33 ms)
[ RUN      ] ThreadPoolTest.YThreadPool_test_time1
[       OK ] ThreadPoolTest.YThreadPool_test_time1 (9 ms)
[ RUN      ] ThreadPoolTest.ThreadPool_test_time2
[       OK ] ThreadPoolTest.ThreadPool_test_time2 (19 ms)
[ RUN      ] ThreadPoolTest.YThreadPool_test_time2
[       OK ] ThreadPoolTest.YThreadPool_test_time2 (20 ms)
[----------] 4 tests from ThreadPoolTest (81 ms total)

[----------] Global test environment tear-down
[==========] 4 tests from 1 test suite ran. (83 ms total)
[  PASSED  ] 4 tests.
<end of output>
Test time =   0.09 sec
----------------------------------------------------------
Test Passed.
"thread_pool_test" end time: Apr 18 20:13 CST
"thread_pool_test" time elapsed: 00:00:00
----------------------------------------------------------

2/3 Testing: ValgrindTest1
2/3 Test: ValgrindTest1
Command: "/usr/bin/valgrind" "--leak-check=full" "--error-exitcode=1" "/home/shenming77/桌面/Y_ThreadPool/build/y_thread"
Directory: /home/shenming77/桌面/Y_ThreadPool/build
"ValgrindTest1" start time: Apr 18 20:13 CST
Output:
----------------------------------------------------------
==122230== Memcheck, a memory error detector
==122230== Copyright (C) 2002-2017, and GNU GPL'd, by Julian Seward et al.
==122230== Using Valgrind-3.15.0 and LibVEX; rerun with -h for copyright info
==122230== Command: /home/shenming77/______/Y_ThreadPool/build/y_thread
==122230== 
======== threadpool_1 begin. ========
3
3
2
3
======== threadpool_2 begin. ========
Hello,Thread
sleep for 1 second, 1 + 2 = 3, run success.
res = thread status timeout
sleep for 2 second, 1 - 2 + 3 = 2, run success.
======== threadpool_3 begin. ========
thread pool task submit version : 
0 1 2 3 4 5 6 7 8 9 10 11 12 13 14 15 16 17 18 19 20 21 22 23 24 25 26 27 28 29 30 31 32 33 34 35 36 37 38 39 40 41 42 43 44 45 46 47 48 49 50 51 52 53 54 55 56 57 58 59 60 61 62 63 64 65 66 67 68 69 70 71 72 73 74 75 76 77 78 79 80 81 82 83 84 85 86 87 88 89 90 91 92 93 94 95 96 97 98 99 
thread pool task group submit version : 
8 24 40 56 72 88 0 7 23 5 21 37 53 69 85 1 2 3 4 13 14 15 16 17 18 19 20 29 30 31 32 33 34 35 36 45 46 47 48 49 50 51 52 61 62 63 64 65 66 67 68 77 78 79 80 81 82 83 84 93 94 95 96 97 98 99 86 70 54 38 22 87 71 55 10 89 73 57 41 25 90 74 58 42 12 28 44 60 76 92 39 26 91 75 59 43 27 9 6 11 
thread pool task commit version : 
4 0 2 18 34 50 66 82 98 9 10 11 12 13 14 15 16 25 26 27 28 29 30 31 32 41 42 43 44 45 46 47 48 57 58 59 60 61 62 63 64 73 74 75 76 77 78 79 80 89 90 91 92 93 94 95 96 99 83 67 51 35 19 84 68 52 36 7 23 39 55 71 87 88 72 56 40 24 97 81 5 21 37 53 69 85 86 70 54 38 22 20 1 17 33 49 65 3 8 6 
==122230== 
==122230== HEAP SUMMARY:
==122230==     in use at exit: 0 bytes in 0 blocks
==122230==   total heap usage: 1,385 allocs, 1,385 frees, 159,599 bytes allocated
==122230== 
==122230== All heap blocks were freed -- no leaks are possible
==122230== 
==122230== For lists of detected and suppressed errors, rerun with: -s
==122230== ERROR SUMMARY: 0 errors from 0 contexts (suppressed: 0 from 0)
<end of output>
Test time =   7.73 sec
----------------------------------------------------------
Test Passed.
"ValgrindTest1" end time: Apr 18 20:13 CST
"ValgrindTest1" time elapsed: 00:00:07
----------------------------------------------------------

3/3 Testing: ValgrindTest2
3/3 Test: ValgrindTest2
Command: "/usr/bin/valgrind" "--leak-check=full" "--error-exitcode=1" "/home/shenming77/桌面/Y_ThreadPool/build/thread_test"
Directory: /home/shenming77/桌面/Y_ThreadPool/build
"ValgrindTest2" start time: Apr 18 20:13 CST
Output:
----------------------------------------------------------
==122240== Memcheck, a memory error detector
==122240== Copyright (C) 2002-2017, and GNU GPL'd, by Julian Seward et al.
==122240== Using Valgrind-3.15.0 and LibVEX; rerun with -h for copyright info
==122240== Command: /home/shenming77/______/Y_ThreadPool/build/thread_test
==122240== 
==122240== 
==122240== HEAP SUMMARY:
==122240==     in use at exit: 0 bytes in 0 blocks
==122240==   total heap usage: 50,435 allocs, 50,435 frees, 2,467,448 bytes allocated
==122240== 
==122240== All heap blocks were freed -- no leaks are possible
==122240== 
==122240== For lists of detected and suppressed errors, rerun with: -s
==122240== ERROR SUMMARY: 0 errors from 0 contexts (suppressed: 0 from 0)
<end of output>
Test time =   2.25 sec
----------------------------------------------------------
Test Passed.
"ValgrindTest2" end time: Apr 18 20:13 CST
"ValgrindTest2" time elapsed: 00:00:02
----------------------------------------------------------

End testing: Apr 18 20:13 CST
